# JRE version: Java(TM) SE Runtime Environment (8.0_191-b12) (build 1.8.0_191-b12)
# Java VM: Java HotSpot(TM) 64-Bit Server VM (25.191-b12 mixed mode windows-amd64 compressed oops)
Heap:
 PSYoungGen      total 124416K, used 94883K [0x00000000eb580000, 0x00000000f3f80000, 0x0000000100000000)
  eden space 116224K, 81% used [0x00000000eb580000,0x00000000f1228c30,0x00000000f2700000)
  from space 8192K, 0% used [0x00000000f3780000,0x00000000f3780000,0x00000000f3f80000)
  to   space 9728K, 0% used [0x00000000f2c80000,0x00000000f2c80000,0x00000000f3600000)
 ParOldGen       total 50688K, used 22211K [0x00000000c2000000, 0x00000000c5180000, 0x00000000eb580000)
  object space 50688K, 43% used [0x00000000c2000000,0x00000000c35b0f70,0x00000000c5180000)
 Metaspace       used 38992K, capacity 40394K, committed 40792K, reserved 1085440K
  class space    used 5043K, capacity 5337K, committed 5464K, reserved 1048576K
GC Heap History (10 events):
Event: 3.623 GC heap before
{Heap before GC invocations=8 (full 1):
 PSYoungGen      total 70144K, used 2272K [0x00000000eb580000, 0x00000000f3f80000, 0x0000000100000000)
  eden space 62464K, 0% used [0x00000000eb580000,0x00000000eb580000,0x00000000ef280000)
  from space 7680K, 29% used [0x00000000ef280000,0x00000000ef4b8000,0x00000000efa00000)
  to   space 8192K, 0% used [0x00000000f3780000,0x00000000f3780000,0x00000000f3f80000)
 ParOldGen       total 42496K, used 10421K [0x00000000c2000000, 0x00000000c4980000, 0x00000000eb580000)
  object space 42496K, 24% used [0x00000000c2000000,0x00000000c2a2d5d8,0x00000000c4980000)
 Metaspace       used 20655K, capacity 21122K, committed 21248K, reserved 1067008K
  class space    used 2648K, capacity 2797K, committed 2816K, reserved 1048576K
Event: 3.684 GC heap after
Heap after GC invocations=8 (full 1):
 PSYoungGen      total 70144K, used 0K [0x00000000eb580000, 0x00000000f3f80000, 0x0000000100000000)
  eden space 62464K, 0% used [0x00000000eb580000,0x00000000eb580000,0x00000000ef280000)
  from space 7680K, 0% used [0x00000000ef280000,0x00000000ef280000,0x00000000efa00000)
  to   space 8192K, 0% used [0x00000000f3780000,0x00000000f3780000,0x00000000f3f80000)
 ParOldGen       total 26624K, used 5148K [0x00000000c2000000, 0x00000000c3a00000, 0x00000000eb580000)
  object space 26624K, 19% used [0x00000000c2000000,0x00000000c25073d8,0x00000000c3a00000)
 Metaspace       used 20655K, capacity 21122K, committed 21248K, reserved 1067008K
  class space    used 2648K, capacity 2797K, committed 2816K, reserved 1048576K
}
Event: 6.474 GC heap before
{Heap before GC invocations=9 (full 1):
 PSYoungGen      total 70144K, used 62464K [0x00000000eb580000, 0x00000000f3f80000, 0x0000000100000000)
  eden space 62464K, 100% used [0x00000000eb580000,0x00000000ef280000,0x00000000ef280000)
  from space 7680K, 0% used [0x00000000ef280000,0x00000000ef280000,0x00000000efa00000)
  to   space 8192K, 0% used [0x00000000f3780000,0x00000000f3780000,0x00000000f3f80000)
 ParOldGen       total 26624K, used 5148K [0x00000000c2000000, 0x00000000c3a00000, 0x00000000eb580000)
  object space 26624K, 19% used [0x00000000c2000000,0x00000000c25073d8,0x00000000c3a00000)
 Metaspace       used 24694K, capacity 25306K, committed 25472K, reserved 1071104K
  class space    used 3187K, capacity 3357K, committed 3456K, reserved 1048576K
Event: 6.532 GC heap after
Heap after GC invocations=9 (full 1):
 PSYoungGen      total 124416K, used 8161K [0x00000000eb580000, 0x00000000f3f80000, 0x0000000100000000)
  eden space 116224K, 0% used [0x00000000eb580000,0x00000000eb580000,0x00000000f2700000)
  from space 8192K, 99% used [0x00000000f3780000,0x00000000f3f78760,0x00000000f3f80000)
  to   space 9728K, 0% used [0x00000000f2c80000,0x00000000f2c80000,0x00000000f3600000)
 ParOldGen       total 26624K, used 6638K [0x00000000c2000000, 0x00000000c3a00000, 0x00000000eb580000)
  object space 26624K, 24% used [0x00000000c2000000,0x00000000c267b8e0,0x00000000c3a00000)
 Metaspace       used 24694K, capacity 25306K, committed 25472K, reserved 1071104K
  class space    used 3187K, capacity 3357K, committed 3456K, reserved 1048576K
}
Event: 9.545 GC heap before
{Heap before GC invocations=10 (full 1):
 PSYoungGen      total 124416K, used 124385K [0x00000000eb580000, 0x00000000f3f80000, 0x0000000100000000)
  eden space 116224K, 100% used [0x00000000eb580000,0x00000000f2700000,0x00000000f2700000)
  from space 8192K, 99% used [0x00000000f3780000,0x00000000f3f78760,0x00000000f3f80000)
  to   space 9728K, 0% used [0x00000000f2c80000,0x00000000f2c80000,0x00000000f3600000)
 ParOldGen       total 26624K, used 6638K [0x00000000c2000000, 0x00000000c3a00000, 0x00000000eb580000)
  object space 26624K, 24% used [0x00000000c2000000,0x00000000c267b8e0,0x00000000c3a00000)
 Metaspace       used 32135K, capacity 33238K, committed 33664K, reserved 1079296K
  class space    used 4112K, capacity 4355K, committed 4480K, reserved 1048576K
Event: 9.572 GC heap after
Heap after GC invocations=10 (full 1):
 PSYoungGen      total 125952K, used 9727K [0x00000000eb580000, 0x00000000f3f80000, 0x0000000100000000)
  eden space 116224K, 0% used [0x00000000eb580000,0x00000000eb580000,0x00000000f2700000)
  from space 9728K, 99% used [0x00000000f2c80000,0x00000000f35ffec0,0x00000000f3600000)
  to   space 8192K, 0% used [0x00000000f3780000,0x00000000f3780000,0x00000000f3f80000)
 ParOldGen       total 26624K, used 13709K [0x00000000c2000000, 0x00000000c3a00000, 0x00000000eb580000)
  object space 26624K, 51% used [0x00000000c2000000,0x00000000c2d63490,0x00000000c3a00000)
 Metaspace       used 32135K, capacity 33238K, committed 33664K, reserved 1079296K
  class space    used 4112K, capacity 4355K, committed 4480K, reserved 1048576K
}
Event: 11.090 GC heap before
{Heap before GC invocations=11 (full 1):
 PSYoungGen      total 125952K, used 85632K [0x00000000eb580000, 0x00000000f3f80000, 0x0000000100000000)
  eden space 116224K, 65% used [0x00000000eb580000,0x00000000effa0178,0x00000000f2700000)
  from space 9728K, 99% used [0x00000000f2c80000,0x00000000f35ffec0,0x00000000f3600000)
  to   space 8192K, 0% used [0x00000000f3780000,0x00000000f3780000,0x00000000f3f80000)
 ParOldGen       total 26624K, used 13709K [0x00000000c2000000, 0x00000000c3a00000, 0x00000000eb580000)
  object space 26624K, 51% used [0x00000000c2000000,0x00000000c2d63490,0x00000000c3a00000)
 Metaspace       used 34216K, capacity 35336K, committed 35416K, reserved 1079296K
  class space    used 4397K, capacity 4632K, committed 4696K, reserved 1048576K
Event: 11.117 GC heap after
Heap after GC invocations=11 (full 1):
 PSYoungGen      total 124416K, used 8160K [0x00000000eb580000, 0x00000000f3f80000, 0x0000000100000000)
  eden space 116224K, 0% used [0x00000000eb580000,0x00000000eb580000,0x00000000f2700000)
  from space 8192K, 99% used [0x00000000f3780000,0x00000000f3f78040,0x00000000f3f80000)
  to   space 9728K, 0% used [0x00000000f2c80000,0x00000000f2c80000,0x00000000f3600000)
 ParOldGen       total 26624K, used 20874K [0x00000000c2000000, 0x00000000c3a00000, 0x00000000eb580000)
  object space 26624K, 78% used [0x00000000c2000000,0x00000000c3462be0,0x00000000c3a00000)
 Metaspace       used 34216K, capacity 35336K, committed 35416K, reserved 1079296K
  class space    used 4397K, capacity 4632K, committed 4696K, reserved 1048576K
}
Event: 11.117 GC heap before
{Heap before GC invocations=12 (full 2):
 PSYoungGen      total 124416K, used 8160K [0x00000000eb580000, 0x00000000f3f80000, 0x0000000100000000)
  eden space 116224K, 0% used [0x00000000eb580000,0x00000000eb580000,0x00000000f2700000)
  from space 8192K, 99% used [0x00000000f3780000,0x00000000f3f78040,0x00000000f3f80000)
  to   space 9728K, 0% used [0x00000000f2c80000,0x00000000f2c80000,0x00000000f3600000)
 ParOldGen       total 26624K, used 20874K [0x00000000c2000000, 0x00000000c3a00000, 0x00000000eb580000)
  object space 26624K, 78% used [0x00000000c2000000,0x00000000c3462be0,0x00000000c3a00000)
 Metaspace       used 34216K, capacity 35336K, committed 35416K, reserved 1079296K
  class space    used 4397K, capacity 4632K, committed 4696K, reserved 1048576K
Event: 11.215 GC heap after
Heap after GC invocations=12 (full 2):
 PSYoungGen      total 124416K, used 0K [0x00000000eb580000, 0x00000000f3f80000, 0x0000000100000000)
  eden space 116224K, 0% used [0x00000000eb580000,0x00000000eb580000,0x00000000f2700000)
  from space 8192K, 0% used [0x00000000f3780000,0x00000000f3780000,0x00000000f3f80000)
  to   space 9728K, 0% used [0x00000000f2c80000,0x00000000f2c80000,0x00000000f3600000)
 ParOldGen       total 50688K, used 22211K [0x00000000c2000000, 0x00000000c5180000, 0x00000000eb580000)
  object space 50688K, 43% used [0x00000000c2000000,0x00000000c35b0f70,0x00000000c5180000)
 Metaspace       used 34216K, capacity 35336K, committed 35416K, reserved 1079296K
  class space    used 4397K, capacity 4632K, committed 4696K, reserved 1048576K
}

