# JRE version: Java(TM) SE Runtime Environment (8.0_191-b12) (build 1.8.0_191-b12)
# Java VM: Java HotSpot(TM) 64-Bit Server VM (25.191-b12 mixed mode windows-amd64 compressed oops)
Heap:
 PSYoungGen      total 130560K, used 63329K [0x00000000eb580000, 0x00000000f7b80000, 0x0000000100000000)
  eden space 120832K, 44% used [0x00000000eb580000,0x00000000ee9d8668,0x00000000f2b80000)
  from space 9728K, 99% used [0x00000000f2b80000,0x00000000f34ffec0,0x00000000f3500000)
  to   space 13824K, 0% used [0x00000000f6e00000,0x00000000f6e00000,0x00000000f7b80000)
 ParOldGen       total 29696K, used 17360K [0x00000000c2000000, 0x00000000c3d00000, 0x00000000eb580000)
  object space 29696K, 58% used [0x00000000c2000000,0x00000000c30f40a8,0x00000000c3d00000)
 Metaspace       used 33647K, capacity 34800K, committed 35072K, reserved 1079296K
  class space    used 4322K, capacity 4564K, committed 4608K, reserved 1048576K
GC Heap History (10 events):
Event: 3.956 GC heap before
{Heap before GC invocations=6 (full 0):
 PSYoungGen      total 34304K, used 34288K [0x00000000eb580000, 0x00000000f0080000, 0x0000000100000000)
  eden space 31744K, 100% used [0x00000000eb580000,0x00000000ed480000,0x00000000ed480000)
  from space 2560K, 99% used [0x00000000ed480000,0x00000000ed6fc040,0x00000000ed700000)
  to   space 6656K, 0% used [0x00000000efa00000,0x00000000efa00000,0x00000000f0080000)
 ParOldGen       total 42496K, used 8577K [0x00000000c2000000, 0x00000000c4980000, 0x00000000eb580000)
  object space 42496K, 20% used [0x00000000c2000000,0x00000000c28607f0,0x00000000c4980000)
 Metaspace       used 20592K, capacity 21126K, committed 21248K, reserved 1067008K
  class space    used 2636K, capacity 2797K, committed 2816K, reserved 1048576K
Event: 3.984 GC heap after
Heap after GC invocations=6 (full 0):
 PSYoungGen      total 69120K, used 6624K [0x00000000eb580000, 0x00000000f0280000, 0x0000000100000000)
  eden space 62464K, 0% used [0x00000000eb580000,0x00000000eb580000,0x00000000ef280000)
  from space 6656K, 99% used [0x00000000efa00000,0x00000000f00781b8,0x00000000f0080000)
  to   space 7680K, 0% used [0x00000000ef280000,0x00000000ef280000,0x00000000efa00000)
 ParOldGen       total 42496K, used 9010K [0x00000000c2000000, 0x00000000c4980000, 0x00000000eb580000)
  object space 42496K, 21% used [0x00000000c2000000,0x00000000c28cca28,0x00000000c4980000)
 Metaspace       used 20592K, capacity 21126K, committed 21248K, reserved 1067008K
  class space    used 2636K, capacity 2797K, committed 2816K, reserved 1048576K
}
Event: 3.990 GC heap before
{Heap before GC invocations=7 (full 0):
 PSYoungGen      total 69120K, used 7924K [0x00000000eb580000, 0x00000000f0280000, 0x0000000100000000)
  eden space 62464K, 2% used [0x00000000eb580000,0x00000000eb6c51b0,0x00000000ef280000)
  from space 6656K, 99% used [0x00000000efa00000,0x00000000f00781b8,0x00000000f0080000)
  to   space 7680K, 0% used [0x00000000ef280000,0x00000000ef280000,0x00000000efa00000)
 ParOldGen       total 42496K, used 9010K [0x00000000c2000000, 0x00000000c4980000, 0x00000000eb580000)
  object space 42496K, 21% used [0x00000000c2000000,0x00000000c28cca28,0x00000000c4980000)
 Metaspace       used 20656K, capacity 21126K, committed 21248K, reserved 1067008K
  class space    used 2644K, capacity 2797K, committed 2816K, reserved 1048576K
Event: 4.005 GC heap after
Heap after GC invocations=7 (full 0):
 PSYoungGen      total 70144K, used 2528K [0x00000000eb580000, 0x00000000f3e80000, 0x0000000100000000)
  eden space 62464K, 0% used [0x00000000eb580000,0x00000000eb580000,0x00000000ef280000)
  from space 7680K, 32% used [0x00000000ef280000,0x00000000ef4f8020,0x00000000efa00000)
  to   space 7680K, 0% used [0x00000000f3700000,0x00000000f3700000,0x00000000f3e80000)
 ParOldGen       total 42496K, used 10128K [0x00000000c2000000, 0x00000000c4980000, 0x00000000eb580000)
  object space 42496K, 23% used [0x00000000c2000000,0x00000000c29e43f8,0x00000000c4980000)
 Metaspace       used 20656K, capacity 21126K, committed 21248K, reserved 1067008K
  class space    used 2644K, capacity 2797K, committed 2816K, reserved 1048576K
}
Event: 4.005 GC heap before
{Heap before GC invocations=8 (full 1):
 PSYoungGen      total 70144K, used 2528K [0x00000000eb580000, 0x00000000f3e80000, 0x0000000100000000)
  eden space 62464K, 0% used [0x00000000eb580000,0x00000000eb580000,0x00000000ef280000)
  from space 7680K, 32% used [0x00000000ef280000,0x00000000ef4f8020,0x00000000efa00000)
  to   space 7680K, 0% used [0x00000000f3700000,0x00000000f3700000,0x00000000f3e80000)
 ParOldGen       total 42496K, used 10128K [0x00000000c2000000, 0x00000000c4980000, 0x00000000eb580000)
  object space 42496K, 23% used [0x00000000c2000000,0x00000000c29e43f8,0x00000000c4980000)
 Metaspace       used 20656K, capacity 21126K, committed 21248K, reserved 1067008K
  class space    used 2644K, capacity 2797K, committed 2816K, reserved 1048576K
Event: 4.094 GC heap after
Heap after GC invocations=8 (full 1):
 PSYoungGen      total 70144K, used 0K [0x00000000eb580000, 0x00000000f3e80000, 0x0000000100000000)
  eden space 62464K, 0% used [0x00000000eb580000,0x00000000eb580000,0x00000000ef280000)
  from space 7680K, 0% used [0x00000000ef280000,0x00000000ef280000,0x00000000efa00000)
  to   space 7680K, 0% used [0x00000000f3700000,0x00000000f3700000,0x00000000f3e80000)
 ParOldGen       total 29696K, used 8237K [0x00000000c2000000, 0x00000000c3d00000, 0x00000000eb580000)
  object space 29696K, 27% used [0x00000000c2000000,0x00000000c280b7b8,0x00000000c3d00000)
 Metaspace       used 20656K, capacity 21126K, committed 21248K, reserved 1067008K
  class space    used 2644K, capacity 2797K, committed 2816K, reserved 1048576K
}
Event: 6.719 GC heap before
{Heap before GC invocations=9 (full 1):
 PSYoungGen      total 70144K, used 62464K [0x00000000eb580000, 0x00000000f3e80000, 0x0000000100000000)
  eden space 62464K, 100% used [0x00000000eb580000,0x00000000ef280000,0x00000000ef280000)
  from space 7680K, 0% used [0x00000000ef280000,0x00000000ef280000,0x00000000efa00000)
  to   space 7680K, 0% used [0x00000000f3700000,0x00000000f3700000,0x00000000f3e80000)
 ParOldGen       total 29696K, used 8237K [0x00000000c2000000, 0x00000000c3d00000, 0x00000000eb580000)
  object space 29696K, 27% used [0x00000000c2000000,0x00000000c280b7b8,0x00000000c3d00000)
 Metaspace       used 24721K, capacity 25426K, committed 25728K, reserved 1071104K
  class space    used 3183K, capacity 3357K, committed 3456K, reserved 1048576K
Event: 6.736 GC heap after
Heap after GC invocations=9 (full 1):
 PSYoungGen      total 124416K, used 7651K [0x00000000eb580000, 0x00000000f3e80000, 0x0000000100000000)
  eden space 116736K, 0% used [0x00000000eb580000,0x00000000eb580000,0x00000000f2780000)
  from space 7680K, 99% used [0x00000000f3700000,0x00000000f3e78c48,0x00000000f3e80000)
  to   space 9728K, 0% used [0x00000000f2b80000,0x00000000f2b80000,0x00000000f3500000)
 ParOldGen       total 29696K, used 10344K [0x00000000c2000000, 0x00000000c3d00000, 0x00000000eb580000)
  object space 29696K, 34% used [0x00000000c2000000,0x00000000c2a1a2a0,0x00000000c3d00000)
 Metaspace       used 24721K, capacity 25426K, committed 25728K, reserved 1071104K
  class space    used 3183K, capacity 3357K, committed 3456K, reserved 1048576K
}
Event: 10.197 GC heap before
{Heap before GC invocations=10 (full 1):
 PSYoungGen      total 124416K, used 124387K [0x00000000eb580000, 0x00000000f3e80000, 0x0000000100000000)
  eden space 116736K, 100% used [0x00000000eb580000,0x00000000f2780000,0x00000000f2780000)
  from space 7680K, 99% used [0x00000000f3700000,0x00000000f3e78c48,0x00000000f3e80000)
  to   space 9728K, 0% used [0x00000000f2b80000,0x00000000f2b80000,0x00000000f3500000)
 ParOldGen       total 29696K, used 10344K [0x00000000c2000000, 0x00000000c3d00000, 0x00000000eb580000)
  object space 29696K, 34% used [0x00000000c2000000,0x00000000c2a1a2a0,0x00000000c3d00000)
 Metaspace       used 32112K, capacity 33238K, committed 33664K, reserved 1079296K
  class space    used 4106K, capacity 4355K, committed 4480K, reserved 1048576K
Event: 10.230 GC heap after
Heap after GC invocations=10 (full 1):
 PSYoungGen      total 130560K, used 9727K [0x00000000eb580000, 0x00000000f7b80000, 0x0000000100000000)
  eden space 120832K, 0% used [0x00000000eb580000,0x00000000eb580000,0x00000000f2b80000)
  from space 9728K, 99% used [0x00000000f2b80000,0x00000000f34ffec0,0x00000000f3500000)
  to   space 13824K, 0% used [0x00000000f6e00000,0x00000000f6e00000,0x00000000f7b80000)
 ParOldGen       total 29696K, used 17360K [0x00000000c2000000, 0x00000000c3d00000, 0x00000000eb580000)
  object space 29696K, 58% used [0x00000000c2000000,0x00000000c30f40a8,0x00000000c3d00000)
 Metaspace       used 32112K, capacity 33238K, committed 33664K, reserved 1079296K
  class space    used 4106K, capacity 4355K, committed 4480K, reserved 1048576K
}

