# JRE version: Java(TM) SE Runtime Environment (8.0_191-b12) (build 1.8.0_191-b12)
# Java VM: Java HotSpot(TM) 64-Bit Server VM (25.191-b12 mixed mode windows-amd64 compressed oops)
Heap:
 PSYoungGen      total 118784K, used 25068K [0x00000000eb580000, 0x00000000f3e80000, 0x0000000100000000)
  eden space 111104K, 15% used [0x00000000eb580000,0x00000000ec67c698,0x00000000f2200000)
  from space 7680K, 99% used [0x00000000f3700000,0x00000000f3e7eac0,0x00000000f3e80000)
  to   space 9728K, 0% used [0x00000000f2b80000,0x00000000f2b80000,0x00000000f3500000)
 ParOldGen       total 28160K, used 7407K [0x00000000c2000000, 0x00000000c3b80000, 0x00000000eb580000)
  object space 28160K, 26% used [0x00000000c2000000,0x00000000c273bf90,0x00000000c3b80000)
 Metaspace       used 26290K, capacity 26962K, committed 27264K, reserved 1073152K
  class space    used 3396K, capacity 3585K, committed 3712K, reserved 1048576K
GC Heap History (10 events):
Event: 2.970 GC heap before
{Heap before GC invocations=5 (full 0):
 PSYoungGen      total 34304K, used 34296K [0x00000000eb580000, 0x00000000ed980000, 0x0000000100000000)
  eden space 31744K, 100% used [0x00000000eb580000,0x00000000ed480000,0x00000000ed480000)
  from space 2560K, 99% used [0x00000000ed700000,0x00000000ed97e030,0x00000000ed980000)
  to   space 2560K, 0% used [0x00000000ed480000,0x00000000ed480000,0x00000000ed700000)
 ParOldGen       total 42496K, used 4561K [0x00000000c2000000, 0x00000000c4980000, 0x00000000eb580000)
  object space 42496K, 10% used [0x00000000c2000000,0x00000000c2474570,0x00000000c4980000)
 Metaspace       used 16957K, capacity 17416K, committed 17792K, reserved 1064960K
  class space    used 2199K, capacity 2322K, committed 2432K, reserved 1048576K
Event: 2.988 GC heap after
Heap after GC invocations=5 (full 0):
 PSYoungGen      total 34304K, used 2528K [0x00000000eb580000, 0x00000000f0080000, 0x0000000100000000)
  eden space 31744K, 0% used [0x00000000eb580000,0x00000000eb580000,0x00000000ed480000)
  from space 2560K, 98% used [0x00000000ed480000,0x00000000ed6f8330,0x00000000ed700000)
  to   space 6656K, 0% used [0x00000000efa00000,0x00000000efa00000,0x00000000f0080000)
 ParOldGen       total 42496K, used 8473K [0x00000000c2000000, 0x00000000c4980000, 0x00000000eb580000)
  object space 42496K, 19% used [0x00000000c2000000,0x00000000c28465d8,0x00000000c4980000)
 Metaspace       used 16957K, capacity 17416K, committed 17792K, reserved 1064960K
  class space    used 2199K, capacity 2322K, committed 2432K, reserved 1048576K
}
Event: 3.902 GC heap before
{Heap before GC invocations=6 (full 0):
 PSYoungGen      total 34304K, used 34272K [0x00000000eb580000, 0x00000000f0080000, 0x0000000100000000)
  eden space 31744K, 100% used [0x00000000eb580000,0x00000000ed480000,0x00000000ed480000)
  from space 2560K, 98% used [0x00000000ed480000,0x00000000ed6f8330,0x00000000ed700000)
  to   space 6656K, 0% used [0x00000000efa00000,0x00000000efa00000,0x00000000f0080000)
 ParOldGen       total 42496K, used 8473K [0x00000000c2000000, 0x00000000c4980000, 0x00000000eb580000)
  object space 42496K, 19% used [0x00000000c2000000,0x00000000c28465d8,0x00000000c4980000)
 Metaspace       used 20343K, capacity 20908K, committed 21248K, reserved 1067008K
  class space    used 2607K, capacity 2766K, committed 2816K, reserved 1048576K
Event: 3.919 GC heap after
Heap after GC invocations=6 (full 0):
 PSYoungGen      total 69120K, used 6642K [0x00000000eb580000, 0x00000000f0280000, 0x0000000100000000)
  eden space 62464K, 0% used [0x00000000eb580000,0x00000000eb580000,0x00000000ef280000)
  from space 6656K, 99% used [0x00000000efa00000,0x00000000f007c8d8,0x00000000f0080000)
  to   space 7680K, 0% used [0x00000000ef280000,0x00000000ef280000,0x00000000efa00000)
 ParOldGen       total 42496K, used 8924K [0x00000000c2000000, 0x00000000c4980000, 0x00000000eb580000)
  object space 42496K, 21% used [0x00000000c2000000,0x00000000c28b72b0,0x00000000c4980000)
 Metaspace       used 20343K, capacity 20908K, committed 21248K, reserved 1067008K
  class space    used 2607K, capacity 2766K, committed 2816K, reserved 1048576K
}
Event: 3.956 GC heap before
{Heap before GC invocations=7 (full 0):
 PSYoungGen      total 69120K, used 8610K [0x00000000eb580000, 0x00000000f0280000, 0x0000000100000000)
  eden space 62464K, 3% used [0x00000000eb580000,0x00000000eb76c0a8,0x00000000ef280000)
  from space 6656K, 99% used [0x00000000efa00000,0x00000000f007c8d8,0x00000000f0080000)
  to   space 7680K, 0% used [0x00000000ef280000,0x00000000ef280000,0x00000000efa00000)
 ParOldGen       total 42496K, used 8924K [0x00000000c2000000, 0x00000000c4980000, 0x00000000eb580000)
  object space 42496K, 21% used [0x00000000c2000000,0x00000000c28b72b0,0x00000000c4980000)
 Metaspace       used 20585K, capacity 21132K, committed 21248K, reserved 1067008K
  class space    used 2637K, capacity 2798K, committed 2816K, reserved 1048576K
Event: 3.971 GC heap after
Heap after GC invocations=7 (full 0):
 PSYoungGen      total 70144K, used 2560K [0x00000000eb580000, 0x00000000f3e80000, 0x0000000100000000)
  eden space 62464K, 0% used [0x00000000eb580000,0x00000000eb580000,0x00000000ef280000)
  from space 7680K, 33% used [0x00000000ef280000,0x00000000ef500000,0x00000000efa00000)
  to   space 7680K, 0% used [0x00000000f3700000,0x00000000f3700000,0x00000000f3e80000)
 ParOldGen       total 42496K, used 10062K [0x00000000c2000000, 0x00000000c4980000, 0x00000000eb580000)
  object space 42496K, 23% used [0x00000000c2000000,0x00000000c29d3bd0,0x00000000c4980000)
 Metaspace       used 20585K, capacity 21132K, committed 21248K, reserved 1067008K
  class space    used 2637K, capacity 2798K, committed 2816K, reserved 1048576K
}
Event: 3.971 GC heap before
{Heap before GC invocations=8 (full 1):
 PSYoungGen      total 70144K, used 2560K [0x00000000eb580000, 0x00000000f3e80000, 0x0000000100000000)
  eden space 62464K, 0% used [0x00000000eb580000,0x00000000eb580000,0x00000000ef280000)
  from space 7680K, 33% used [0x00000000ef280000,0x00000000ef500000,0x00000000efa00000)
  to   space 7680K, 0% used [0x00000000f3700000,0x00000000f3700000,0x00000000f3e80000)
 ParOldGen       total 42496K, used 10062K [0x00000000c2000000, 0x00000000c4980000, 0x00000000eb580000)
  object space 42496K, 23% used [0x00000000c2000000,0x00000000c29d3bd0,0x00000000c4980000)
 Metaspace       used 20585K, capacity 21132K, committed 21248K, reserved 1067008K
  class space    used 2637K, capacity 2798K, committed 2816K, reserved 1048576K
Event: 4.042 GC heap after
Heap after GC invocations=8 (full 1):
 PSYoungGen      total 70144K, used 0K [0x00000000eb580000, 0x00000000f3e80000, 0x0000000100000000)
  eden space 62464K, 0% used [0x00000000eb580000,0x00000000eb580000,0x00000000ef280000)
  from space 7680K, 0% used [0x00000000ef280000,0x00000000ef280000,0x00000000efa00000)
  to   space 7680K, 0% used [0x00000000f3700000,0x00000000f3700000,0x00000000f3e80000)
 ParOldGen       total 28160K, used 5248K [0x00000000c2000000, 0x00000000c3b80000, 0x00000000eb580000)
  object space 28160K, 18% used [0x00000000c2000000,0x00000000c25202f0,0x00000000c3b80000)
 Metaspace       used 20585K, capacity 21132K, committed 21248K, reserved 1067008K
  class space    used 2637K, capacity 2798K, committed 2816K, reserved 1048576K
}
Event: 6.168 GC heap before
{Heap before GC invocations=9 (full 1):
 PSYoungGen      total 70144K, used 62464K [0x00000000eb580000, 0x00000000f3e80000, 0x0000000100000000)
  eden space 62464K, 100% used [0x00000000eb580000,0x00000000ef280000,0x00000000ef280000)
  from space 7680K, 0% used [0x00000000ef280000,0x00000000ef280000,0x00000000efa00000)
  to   space 7680K, 0% used [0x00000000f3700000,0x00000000f3700000,0x00000000f3e80000)
 ParOldGen       total 28160K, used 5248K [0x00000000c2000000, 0x00000000c3b80000, 0x00000000eb580000)
  object space 28160K, 18% used [0x00000000c2000000,0x00000000c25202f0,0x00000000c3b80000)
 Metaspace       used 24790K, capacity 25472K, committed 25728K, reserved 1071104K
  class space    used 3197K, capacity 3390K, committed 3456K, reserved 1048576K
Event: 6.181 GC heap after
Heap after GC invocations=9 (full 1):
 PSYoungGen      total 118784K, used 7674K [0x00000000eb580000, 0x00000000f3e80000, 0x0000000100000000)
  eden space 111104K, 0% used [0x00000000eb580000,0x00000000eb580000,0x00000000f2200000)
  from space 7680K, 99% used [0x00000000f3700000,0x00000000f3e7eac0,0x00000000f3e80000)
  to   space 9728K, 0% used [0x00000000f2b80000,0x00000000f2b80000,0x00000000f3500000)
 ParOldGen       total 28160K, used 7407K [0x00000000c2000000, 0x00000000c3b80000, 0x00000000eb580000)
  object space 28160K, 26% used [0x00000000c2000000,0x00000000c273bf90,0x00000000c3b80000)
 Metaspace       used 24790K, capacity 25472K, committed 25728K, reserved 1071104K
  class space    used 3197K, capacity 3390K, committed 3456K, reserved 1048576K
}

