# JRE version: Java(TM) SE Runtime Environment (8.0_191-b12) (build 1.8.0_191-b12)
# Java VM: Java HotSpot(TM) 64-Bit Server VM (25.191-b12 mixed mode windows-amd64 compressed oops)
Heap:
 PSYoungGen      total 98816K, used 7516K [0x00000000eb580000, 0x00000000f4f00000, 0x0000000100000000)
  eden space 89088K, 8% used [0x00000000eb580000,0x00000000ebcd71a8,0x00000000f0c80000)
  from space 9728K, 0% used [0x00000000f1b80000,0x00000000f1b80000,0x00000000f2500000)
  to   space 15360K, 0% used [0x00000000f0c80000,0x00000000f0c80000,0x00000000f1b80000)
 ParOldGen       total 61440K, used 21119K [0x00000000c2000000, 0x00000000c5c00000, 0x00000000eb580000)
  object space 61440K, 34% used [0x00000000c2000000,0x00000000c349fd50,0x00000000c5c00000)
 Metaspace       used 34548K, capacity 35862K, committed 35928K, reserved 1081344K
  class space    used 4440K, capacity 4681K, committed 4696K, reserved 1048576K
GC Heap History (10 events):
Event: 6.260 GC heap before
{Heap before GC invocations=8 (full 1):
 PSYoungGen      total 69632K, used 62976K [0x00000000eb580000, 0x00000000f0180000, 0x0000000100000000)
  eden space 62976K, 100% used [0x00000000eb580000,0x00000000ef300000,0x00000000ef300000)
  from space 6656K, 0% used [0x00000000efa00000,0x00000000efa00000,0x00000000f0080000)
  to   space 7168K, 0% used [0x00000000ef300000,0x00000000ef300000,0x00000000efa00000)
 ParOldGen       total 35328K, used 7659K [0x00000000c2000000, 0x00000000c4280000, 0x00000000eb580000)
  object space 35328K, 21% used [0x00000000c2000000,0x00000000c277af78,0x00000000c4280000)
 Metaspace       used 24304K, capacity 24958K, committed 25088K, reserved 1071104K
  class space    used 3126K, capacity 3313K, committed 3328K, reserved 1048576K
Event: 6.283 GC heap after
Heap after GC invocations=8 (full 1):
 PSYoungGen      total 70144K, used 7155K [0x00000000eb580000, 0x00000000f2500000, 0x0000000100000000)
  eden space 62976K, 0% used [0x00000000eb580000,0x00000000eb580000,0x00000000ef300000)
  from space 7168K, 99% used [0x00000000ef300000,0x00000000ef9fcce0,0x00000000efa00000)
  to   space 9728K, 0% used [0x00000000f1b80000,0x00000000f1b80000,0x00000000f2500000)
 ParOldGen       total 35328K, used 10536K [0x00000000c2000000, 0x00000000c4280000, 0x00000000eb580000)
  object space 35328K, 29% used [0x00000000c2000000,0x00000000c2a4a2d0,0x00000000c4280000)
 Metaspace       used 24304K, capacity 24958K, committed 25088K, reserved 1071104K
  class space    used 3126K, capacity 3313K, committed 3328K, reserved 1048576K
}
Event: 8.087 GC heap before
{Heap before GC invocations=9 (full 1):
 PSYoungGen      total 70144K, used 70131K [0x00000000eb580000, 0x00000000f2500000, 0x0000000100000000)
  eden space 62976K, 100% used [0x00000000eb580000,0x00000000ef300000,0x00000000ef300000)
  from space 7168K, 99% used [0x00000000ef300000,0x00000000ef9fcce0,0x00000000efa00000)
  to   space 9728K, 0% used [0x00000000f1b80000,0x00000000f1b80000,0x00000000f2500000)
 ParOldGen       total 35328K, used 10536K [0x00000000c2000000, 0x00000000c4280000, 0x00000000eb580000)
  object space 35328K, 29% used [0x00000000c2000000,0x00000000c2a4a2d0,0x00000000c4280000)
 Metaspace       used 28831K, capacity 29958K, committed 30080K, reserved 1075200K
  class space    used 3723K, capacity 3957K, committed 3968K, reserved 1048576K
Event: 8.103 GC heap after
Heap after GC invocations=9 (full 1):
 PSYoungGen      total 101888K, used 9721K [0x00000000eb580000, 0x00000000f2800000, 0x0000000100000000)
  eden space 92160K, 0% used [0x00000000eb580000,0x00000000eb580000,0x00000000f0f80000)
  from space 9728K, 99% used [0x00000000f1b80000,0x00000000f24fe6d8,0x00000000f2500000)
  to   space 12288K, 0% used [0x00000000f0f80000,0x00000000f0f80000,0x00000000f1b80000)
 ParOldGen       total 35328K, used 13150K [0x00000000c2000000, 0x00000000c4280000, 0x00000000eb580000)
  object space 35328K, 37% used [0x00000000c2000000,0x00000000c2cd7b80,0x00000000c4280000)
 Metaspace       used 28831K, capacity 29958K, committed 30080K, reserved 1075200K
  class space    used 3723K, capacity 3957K, committed 3968K, reserved 1048576K
}
Event: 10.087 GC heap before
{Heap before GC invocations=10 (full 1):
 PSYoungGen      total 101888K, used 101881K [0x00000000eb580000, 0x00000000f2800000, 0x0000000100000000)
  eden space 92160K, 100% used [0x00000000eb580000,0x00000000f0f80000,0x00000000f0f80000)
  from space 9728K, 99% used [0x00000000f1b80000,0x00000000f24fe6d8,0x00000000f2500000)
  to   space 12288K, 0% used [0x00000000f0f80000,0x00000000f0f80000,0x00000000f1b80000)
 ParOldGen       total 35328K, used 13150K [0x00000000c2000000, 0x00000000c4280000, 0x00000000eb580000)
  object space 35328K, 37% used [0x00000000c2000000,0x00000000c2cd7b80,0x00000000c4280000)
 Metaspace       used 33417K, capacity 34634K, committed 34816K, reserved 1079296K
  class space    used 4285K, capacity 4531K, committed 4608K, reserved 1048576K
Event: 10.129 GC heap after
Heap after GC invocations=10 (full 1):
 PSYoungGen      total 104448K, used 12268K [0x00000000eb580000, 0x00000000f2800000, 0x0000000100000000)
  eden space 92160K, 0% used [0x00000000eb580000,0x00000000eb580000,0x00000000f0f80000)
  from space 12288K, 99% used [0x00000000f0f80000,0x00000000f1b7b120,0x00000000f1b80000)
  to   space 9728K, 0% used [0x00000000f1b80000,0x00000000f1b80000,0x00000000f2500000)
 ParOldGen       total 35328K, used 18241K [0x00000000c2000000, 0x00000000c4280000, 0x00000000eb580000)
  object space 35328K, 51% used [0x00000000c2000000,0x00000000c31d07a8,0x00000000c4280000)
 Metaspace       used 33417K, capacity 34634K, committed 34816K, reserved 1079296K
  class space    used 4285K, capacity 4531K, committed 4608K, reserved 1048576K
}
Event: 10.746 GC heap before
{Heap before GC invocations=11 (full 1):
 PSYoungGen      total 104448K, used 52346K [0x00000000eb580000, 0x00000000f2800000, 0x0000000100000000)
  eden space 92160K, 43% used [0x00000000eb580000,0x00000000edca38c0,0x00000000f0f80000)
  from space 12288K, 99% used [0x00000000f0f80000,0x00000000f1b7b120,0x00000000f1b80000)
  to   space 9728K, 0% used [0x00000000f1b80000,0x00000000f1b80000,0x00000000f2500000)
 ParOldGen       total 35328K, used 18241K [0x00000000c2000000, 0x00000000c4280000, 0x00000000eb580000)
  object space 35328K, 51% used [0x00000000c2000000,0x00000000c31d07a8,0x00000000c4280000)
 Metaspace       used 34209K, capacity 35336K, committed 35416K, reserved 1079296K
  class space    used 4391K, capacity 4632K, committed 4696K, reserved 1048576K
Event: 10.782 GC heap after
Heap after GC invocations=11 (full 1):
 PSYoungGen      total 98816K, used 7413K [0x00000000eb580000, 0x00000000f4f00000, 0x0000000100000000)
  eden space 89088K, 0% used [0x00000000eb580000,0x00000000eb580000,0x00000000f0c80000)
  from space 9728K, 76% used [0x00000000f1b80000,0x00000000f22bd470,0x00000000f2500000)
  to   space 15360K, 0% used [0x00000000f0c80000,0x00000000f0c80000,0x00000000f1b80000)
 ParOldGen       total 35328K, used 25846K [0x00000000c2000000, 0x00000000c4280000, 0x00000000eb580000)
  object space 35328K, 73% used [0x00000000c2000000,0x00000000c393d800,0x00000000c4280000)
 Metaspace       used 34209K, capacity 35336K, committed 35416K, reserved 1079296K
  class space    used 4391K, capacity 4632K, committed 4696K, reserved 1048576K
}
Event: 10.782 GC heap before
{Heap before GC invocations=12 (full 2):
 PSYoungGen      total 98816K, used 7413K [0x00000000eb580000, 0x00000000f4f00000, 0x0000000100000000)
  eden space 89088K, 0% used [0x00000000eb580000,0x00000000eb580000,0x00000000f0c80000)
  from space 9728K, 76% used [0x00000000f1b80000,0x00000000f22bd470,0x00000000f2500000)
  to   space 15360K, 0% used [0x00000000f0c80000,0x00000000f0c80000,0x00000000f1b80000)
 ParOldGen       total 35328K, used 25846K [0x00000000c2000000, 0x00000000c4280000, 0x00000000eb580000)
  object space 35328K, 73% used [0x00000000c2000000,0x00000000c393d800,0x00000000c4280000)
 Metaspace       used 34209K, capacity 35336K, committed 35416K, reserved 1079296K
  class space    used 4391K, capacity 4632K, committed 4696K, reserved 1048576K
Event: 10.887 GC heap after
Heap after GC invocations=12 (full 2):
 PSYoungGen      total 98816K, used 0K [0x00000000eb580000, 0x00000000f4f00000, 0x0000000100000000)
  eden space 89088K, 0% used [0x00000000eb580000,0x00000000eb580000,0x00000000f0c80000)
  from space 9728K, 0% used [0x00000000f1b80000,0x00000000f1b80000,0x00000000f2500000)
  to   space 15360K, 0% used [0x00000000f0c80000,0x00000000f0c80000,0x00000000f1b80000)
 ParOldGen       total 61440K, used 21119K [0x00000000c2000000, 0x00000000c5c00000, 0x00000000eb580000)
  object space 61440K, 34% used [0x00000000c2000000,0x00000000c349fd50,0x00000000c5c00000)
 Metaspace       used 34209K, capacity 35336K, committed 35416K, reserved 1079296K
  class space    used 4391K, capacity 4632K, committed 4696K, reserved 1048576K
}

