# JRE version: Java(TM) SE Runtime Environment (8.0_191-b12) (build 1.8.0_191-b12)
# Java VM: Java HotSpot(TM) 64-Bit Server VM (25.191-b12 mixed mode windows-amd64 compressed oops)
Heap:
 PSYoungGen      total 178176K, used 78050K [0x00000000eb580000, 0x00000000f7c80000, 0x0000000100000000)
  eden space 164352K, 47% used [0x00000000eb580000,0x00000000f01b8ab0,0x00000000f5600000)
  from space 13824K, 0% used [0x00000000f6480000,0x00000000f6480000,0x00000000f7200000)
  to   space 14848K, 0% used [0x00000000f5600000,0x00000000f5600000,0x00000000f6480000)
 ParOldGen       total 30720K, used 21981K [0x00000000c2000000, 0x00000000c3e00000, 0x00000000eb580000)
  object space 30720K, 71% used [0x00000000c2000000,0x00000000c3577630,0x00000000c3e00000)
 Metaspace       used 37179K, capacity 38536K, committed 38616K, reserved 1083392K
  class space    used 4817K, capacity 5064K, committed 5080K, reserved 1048576K
GC Heap History (10 events):
Event: 3.934 GC heap before
{Heap before GC invocations=8 (full 1):
 PSYoungGen      total 70144K, used 2500K [0x00000000eb580000, 0x00000000f3e80000, 0x0000000100000000)
  eden space 62464K, 0% used [0x00000000eb580000,0x00000000eb580000,0x00000000ef280000)
  from space 7680K, 32% used [0x00000000ef280000,0x00000000ef4f13a8,0x00000000efa00000)
  to   space 7680K, 0% used [0x00000000f3700000,0x00000000f3700000,0x00000000f3e80000)
 ParOldGen       total 42496K, used 10339K [0x00000000c2000000, 0x00000000c4980000, 0x00000000eb580000)
  object space 42496K, 24% used [0x00000000c2000000,0x00000000c2a18c40,0x00000000c4980000)
 Metaspace       used 20653K, capacity 21122K, committed 21248K, reserved 1067008K
  class space    used 2643K, capacity 2797K, committed 2816K, reserved 1048576K
Event: 3.993 GC heap after
Heap after GC invocations=8 (full 1):
 PSYoungGen      total 70144K, used 0K [0x00000000eb580000, 0x00000000f3e80000, 0x0000000100000000)
  eden space 62464K, 0% used [0x00000000eb580000,0x00000000eb580000,0x00000000ef280000)
  from space 7680K, 0% used [0x00000000ef280000,0x00000000ef280000,0x00000000efa00000)
  to   space 7680K, 0% used [0x00000000f3700000,0x00000000f3700000,0x00000000f3e80000)
 ParOldGen       total 30720K, used 8439K [0x00000000c2000000, 0x00000000c3e00000, 0x00000000eb580000)
  object space 30720K, 27% used [0x00000000c2000000,0x00000000c283dfc0,0x00000000c3e00000)
 Metaspace       used 20653K, capacity 21122K, committed 21248K, reserved 1067008K
  class space    used 2643K, capacity 2797K, committed 2816K, reserved 1048576K
}
Event: 6.121 GC heap before
{Heap before GC invocations=9 (full 1):
 PSYoungGen      total 70144K, used 62464K [0x00000000eb580000, 0x00000000f3e80000, 0x0000000100000000)
  eden space 62464K, 100% used [0x00000000eb580000,0x00000000ef280000,0x00000000ef280000)
  from space 7680K, 0% used [0x00000000ef280000,0x00000000ef280000,0x00000000efa00000)
  to   space 7680K, 0% used [0x00000000f3700000,0x00000000f3700000,0x00000000f3e80000)
 ParOldGen       total 30720K, used 8439K [0x00000000c2000000, 0x00000000c3e00000, 0x00000000eb580000)
  object space 30720K, 27% used [0x00000000c2000000,0x00000000c283dfc0,0x00000000c3e00000)
 Metaspace       used 24711K, capacity 25370K, committed 25472K, reserved 1071104K
  class space    used 3187K, capacity 3357K, committed 3456K, reserved 1048576K
Event: 6.133 GC heap after
Heap after GC invocations=9 (full 1):
 PSYoungGen      total 120832K, used 7662K [0x00000000eb580000, 0x00000000f3e80000, 0x0000000100000000)
  eden space 113152K, 0% used [0x00000000eb580000,0x00000000eb580000,0x00000000f2400000)
  from space 7680K, 99% used [0x00000000f3700000,0x00000000f3e7bb58,0x00000000f3e80000)
  to   space 9728K, 0% used [0x00000000f2b80000,0x00000000f2b80000,0x00000000f3500000)
 ParOldGen       total 30720K, used 10507K [0x00000000c2000000, 0x00000000c3e00000, 0x00000000eb580000)
  object space 30720K, 34% used [0x00000000c2000000,0x00000000c2a42e08,0x00000000c3e00000)
 Metaspace       used 24711K, capacity 25370K, committed 25472K, reserved 1071104K
  class space    used 3187K, capacity 3357K, committed 3456K, reserved 1048576K
}
Event: 9.203 GC heap before
{Heap before GC invocations=10 (full 1):
 PSYoungGen      total 120832K, used 120814K [0x00000000eb580000, 0x00000000f3e80000, 0x0000000100000000)
  eden space 113152K, 100% used [0x00000000eb580000,0x00000000f2400000,0x00000000f2400000)
  from space 7680K, 99% used [0x00000000f3700000,0x00000000f3e7bb58,0x00000000f3e80000)
  to   space 9728K, 0% used [0x00000000f2b80000,0x00000000f2b80000,0x00000000f3500000)
 ParOldGen       total 30720K, used 10507K [0x00000000c2000000, 0x00000000c3e00000, 0x00000000eb580000)
  object space 30720K, 34% used [0x00000000c2000000,0x00000000c2a42e08,0x00000000c3e00000)
 Metaspace       used 32021K, capacity 33118K, committed 33280K, reserved 1079296K
  class space    used 4096K, capacity 4319K, committed 4352K, reserved 1048576K
Event: 9.225 GC heap after
Heap after GC invocations=10 (full 1):
 PSYoungGen      total 130560K, used 9713K [0x00000000eb580000, 0x00000000f7200000, 0x0000000100000000)
  eden space 120832K, 0% used [0x00000000eb580000,0x00000000eb580000,0x00000000f2b80000)
  from space 9728K, 99% used [0x00000000f2b80000,0x00000000f34fc4b0,0x00000000f3500000)
  to   space 13824K, 0% used [0x00000000f6480000,0x00000000f6480000,0x00000000f7200000)
 ParOldGen       total 30720K, used 17313K [0x00000000c2000000, 0x00000000c3e00000, 0x00000000eb580000)
  object space 30720K, 56% used [0x00000000c2000000,0x00000000c30e86e0,0x00000000c3e00000)
 Metaspace       used 32021K, capacity 33118K, committed 33280K, reserved 1079296K
  class space    used 4096K, capacity 4319K, committed 4352K, reserved 1048576K
}
Event: 11.485 GC heap before
{Heap before GC invocations=11 (full 1):
 PSYoungGen      total 130560K, used 88434K [0x00000000eb580000, 0x00000000f7200000, 0x0000000100000000)
  eden space 120832K, 65% used [0x00000000eb580000,0x00000000f0260708,0x00000000f2b80000)
  from space 9728K, 99% used [0x00000000f2b80000,0x00000000f34fc4b0,0x00000000f3500000)
  to   space 13824K, 0% used [0x00000000f6480000,0x00000000f6480000,0x00000000f7200000)
 ParOldGen       total 30720K, used 17313K [0x00000000c2000000, 0x00000000c3e00000, 0x00000000eb580000)
  object space 30720K, 56% used [0x00000000c2000000,0x00000000c30e86e0,0x00000000c3e00000)
 Metaspace       used 34153K, capacity 35336K, committed 35416K, reserved 1079296K
  class space    used 4385K, capacity 4632K, committed 4696K, reserved 1048576K
Event: 11.523 GC heap after
Heap after GC invocations=11 (full 1):
 PSYoungGen      total 178176K, used 11082K [0x00000000eb580000, 0x00000000f7c80000, 0x0000000100000000)
  eden space 164352K, 0% used [0x00000000eb580000,0x00000000eb580000,0x00000000f5600000)
  from space 13824K, 80% used [0x00000000f6480000,0x00000000f6f52a40,0x00000000f7200000)
  to   space 14848K, 0% used [0x00000000f5600000,0x00000000f5600000,0x00000000f6480000)
 ParOldGen       total 30720K, used 21710K [0x00000000c2000000, 0x00000000c3e00000, 0x00000000eb580000)
  object space 30720K, 70% used [0x00000000c2000000,0x00000000c3533aa8,0x00000000c3e00000)
 Metaspace       used 34153K, capacity 35336K, committed 35416K, reserved 1079296K
  class space    used 4385K, capacity 4632K, committed 4696K, reserved 1048576K
}
Event: 11.523 GC heap before
{Heap before GC invocations=12 (full 2):
 PSYoungGen      total 178176K, used 11082K [0x00000000eb580000, 0x00000000f7c80000, 0x0000000100000000)
  eden space 164352K, 0% used [0x00000000eb580000,0x00000000eb580000,0x00000000f5600000)
  from space 13824K, 80% used [0x00000000f6480000,0x00000000f6f52a40,0x00000000f7200000)
  to   space 14848K, 0% used [0x00000000f5600000,0x00000000f5600000,0x00000000f6480000)
 ParOldGen       total 30720K, used 21710K [0x00000000c2000000, 0x00000000c3e00000, 0x00000000eb580000)
  object space 30720K, 70% used [0x00000000c2000000,0x00000000c3533aa8,0x00000000c3e00000)
 Metaspace       used 34153K, capacity 35336K, committed 35416K, reserved 1079296K
  class space    used 4385K, capacity 4632K, committed 4696K, reserved 1048576K
Event: 11.664 GC heap after
Heap after GC invocations=12 (full 2):
 PSYoungGen      total 178176K, used 0K [0x00000000eb580000, 0x00000000f7c80000, 0x0000000100000000)
  eden space 164352K, 0% used [0x00000000eb580000,0x00000000eb580000,0x00000000f5600000)
  from space 13824K, 0% used [0x00000000f6480000,0x00000000f6480000,0x00000000f7200000)
  to   space 14848K, 0% used [0x00000000f5600000,0x00000000f5600000,0x00000000f6480000)
 ParOldGen       total 30720K, used 21981K [0x00000000c2000000, 0x00000000c3e00000, 0x00000000eb580000)
  object space 30720K, 71% used [0x00000000c2000000,0x00000000c3577630,0x00000000c3e00000)
 Metaspace       used 34153K, capacity 35336K, committed 35416K, reserved 1079296K
  class space    used 4385K, capacity 4632K, committed 4696K, reserved 1048576K
}

