# JRE version: Java(TM) SE Runtime Environment (8.0_191-b12) (build 1.8.0_191-b12)
# Java VM: Java HotSpot(TM) 64-Bit Server VM (25.191-b12 mixed mode windows-amd64 compressed oops)
Heap:
 PSYoungGen      total 119296K, used 79463K [0x00000000eb580000, 0x00000000f3e80000, 0x0000000100000000)
  eden space 109568K, 63% used [0x00000000eb580000,0x00000000ef99dea8,0x00000000f2080000)
  from space 9728K, 99% used [0x00000000f2b80000,0x00000000f34fc150,0x00000000f3500000)
  to   space 7680K, 0% used [0x00000000f3700000,0x00000000f3700000,0x00000000f3e80000)
 ParOldGen       total 31744K, used 17145K [0x00000000c2000000, 0x00000000c3f00000, 0x00000000eb580000)
  object space 31744K, 54% used [0x00000000c2000000,0x00000000c30be470,0x00000000c3f00000)
 Metaspace       used 33870K, capacity 35100K, committed 35328K, reserved 1079296K
  class space    used 4345K, capacity 4598K, committed 4608K, reserved 1048576K
GC Heap History (10 events):
Event: 3.705 GC heap before
{Heap before GC invocations=6 (full 0):
 PSYoungGen      total 34304K, used 34291K [0x00000000eb580000, 0x00000000f0080000, 0x0000000100000000)
  eden space 31744K, 100% used [0x00000000eb580000,0x00000000ed480000,0x00000000ed480000)
  from space 2560K, 99% used [0x00000000ed480000,0x00000000ed6fcd90,0x00000000ed700000)
  to   space 6656K, 0% used [0x00000000efa00000,0x00000000efa00000,0x00000000f0080000)
 ParOldGen       total 42496K, used 8502K [0x00000000c2000000, 0x00000000c4980000, 0x00000000eb580000)
  object space 42496K, 20% used [0x00000000c2000000,0x00000000c284dbb8,0x00000000c4980000)
 Metaspace       used 20389K, capacity 20904K, committed 21248K, reserved 1067008K
  class space    used 2609K, capacity 2766K, committed 2816K, reserved 1048576K
Event: 3.721 GC heap after
Heap after GC invocations=6 (full 0):
 PSYoungGen      total 69120K, used 6653K [0x00000000eb580000, 0x00000000f0280000, 0x0000000100000000)
  eden space 62464K, 0% used [0x00000000eb580000,0x00000000eb580000,0x00000000ef280000)
  from space 6656K, 99% used [0x00000000efa00000,0x00000000f007f660,0x00000000f0080000)
  to   space 7680K, 0% used [0x00000000ef280000,0x00000000ef280000,0x00000000efa00000)
 ParOldGen       total 42496K, used 8967K [0x00000000c2000000, 0x00000000c4980000, 0x00000000eb580000)
  object space 42496K, 21% used [0x00000000c2000000,0x00000000c28c1f60,0x00000000c4980000)
 Metaspace       used 20389K, capacity 20904K, committed 21248K, reserved 1067008K
  class space    used 2609K, capacity 2766K, committed 2816K, reserved 1048576K
}
Event: 3.753 GC heap before
{Heap before GC invocations=7 (full 0):
 PSYoungGen      total 69120K, used 8671K [0x00000000eb580000, 0x00000000f0280000, 0x0000000100000000)
  eden space 62464K, 3% used [0x00000000eb580000,0x00000000eb778680,0x00000000ef280000)
  from space 6656K, 99% used [0x00000000efa00000,0x00000000f007f660,0x00000000f0080000)
  to   space 7680K, 0% used [0x00000000ef280000,0x00000000ef280000,0x00000000efa00000)
 ParOldGen       total 42496K, used 8967K [0x00000000c2000000, 0x00000000c4980000, 0x00000000eb580000)
  object space 42496K, 21% used [0x00000000c2000000,0x00000000c28c1f60,0x00000000c4980000)
 Metaspace       used 20591K, capacity 21128K, committed 21248K, reserved 1067008K
  class space    used 2637K, capacity 2798K, committed 2816K, reserved 1048576K
Event: 3.769 GC heap after
Heap after GC invocations=7 (full 0):
 PSYoungGen      total 70144K, used 2619K [0x00000000eb580000, 0x00000000f3e80000, 0x0000000100000000)
  eden space 62464K, 0% used [0x00000000eb580000,0x00000000eb580000,0x00000000ef280000)
  from space 7680K, 34% used [0x00000000ef280000,0x00000000ef50ed60,0x00000000efa00000)
  to   space 7680K, 0% used [0x00000000f3700000,0x00000000f3700000,0x00000000f3e80000)
 ParOldGen       total 42496K, used 10175K [0x00000000c2000000, 0x00000000c4980000, 0x00000000eb580000)
  object space 42496K, 23% used [0x00000000c2000000,0x00000000c29efc60,0x00000000c4980000)
 Metaspace       used 20591K, capacity 21128K, committed 21248K, reserved 1067008K
  class space    used 2637K, capacity 2798K, committed 2816K, reserved 1048576K
}
Event: 3.770 GC heap before
{Heap before GC invocations=8 (full 1):
 PSYoungGen      total 70144K, used 2619K [0x00000000eb580000, 0x00000000f3e80000, 0x0000000100000000)
  eden space 62464K, 0% used [0x00000000eb580000,0x00000000eb580000,0x00000000ef280000)
  from space 7680K, 34% used [0x00000000ef280000,0x00000000ef50ed60,0x00000000efa00000)
  to   space 7680K, 0% used [0x00000000f3700000,0x00000000f3700000,0x00000000f3e80000)
 ParOldGen       total 42496K, used 10175K [0x00000000c2000000, 0x00000000c4980000, 0x00000000eb580000)
  object space 42496K, 23% used [0x00000000c2000000,0x00000000c29efc60,0x00000000c4980000)
 Metaspace       used 20591K, capacity 21128K, committed 21248K, reserved 1067008K
  class space    used 2637K, capacity 2798K, committed 2816K, reserved 1048576K
Event: 3.864 GC heap after
Heap after GC invocations=8 (full 1):
 PSYoungGen      total 70144K, used 0K [0x00000000eb580000, 0x00000000f3e80000, 0x0000000100000000)
  eden space 62464K, 0% used [0x00000000eb580000,0x00000000eb580000,0x00000000ef280000)
  from space 7680K, 0% used [0x00000000ef280000,0x00000000ef280000,0x00000000efa00000)
  to   space 7680K, 0% used [0x00000000f3700000,0x00000000f3700000,0x00000000f3e80000)
 ParOldGen       total 31744K, used 8384K [0x00000000c2000000, 0x00000000c3f00000, 0x00000000eb580000)
  object space 31744K, 26% used [0x00000000c2000000,0x00000000c2830230,0x00000000c3f00000)
 Metaspace       used 20591K, capacity 21128K, committed 21248K, reserved 1067008K
  class space    used 2637K, capacity 2798K, committed 2816K, reserved 1048576K
}
Event: 5.771 GC heap before
{Heap before GC invocations=9 (full 1):
 PSYoungGen      total 70144K, used 62464K [0x00000000eb580000, 0x00000000f3e80000, 0x0000000100000000)
  eden space 62464K, 100% used [0x00000000eb580000,0x00000000ef280000,0x00000000ef280000)
  from space 7680K, 0% used [0x00000000ef280000,0x00000000ef280000,0x00000000efa00000)
  to   space 7680K, 0% used [0x00000000f3700000,0x00000000f3700000,0x00000000f3e80000)
 ParOldGen       total 31744K, used 8384K [0x00000000c2000000, 0x00000000c3f00000, 0x00000000eb580000)
  object space 31744K, 26% used [0x00000000c2000000,0x00000000c2830230,0x00000000c3f00000)
 Metaspace       used 24765K, capacity 25436K, committed 25728K, reserved 1071104K
  class space    used 3192K, capacity 3358K, committed 3456K, reserved 1048576K
Event: 5.785 GC heap after
Heap after GC invocations=9 (full 1):
 PSYoungGen      total 117248K, used 7661K [0x00000000eb580000, 0x00000000f3e80000, 0x0000000100000000)
  eden space 109568K, 0% used [0x00000000eb580000,0x00000000eb580000,0x00000000f2080000)
  from space 7680K, 99% used [0x00000000f3700000,0x00000000f3e7b680,0x00000000f3e80000)
  to   space 9728K, 0% used [0x00000000f2b80000,0x00000000f2b80000,0x00000000f3500000)
 ParOldGen       total 31744K, used 10557K [0x00000000c2000000, 0x00000000c3f00000, 0x00000000eb580000)
  object space 31744K, 33% used [0x00000000c2000000,0x00000000c2a4f758,0x00000000c3f00000)
 Metaspace       used 24765K, capacity 25436K, committed 25728K, reserved 1071104K
  class space    used 3192K, capacity 3358K, committed 3456K, reserved 1048576K
}
Event: 8.441 GC heap before
{Heap before GC invocations=10 (full 1):
 PSYoungGen      total 117248K, used 117229K [0x00000000eb580000, 0x00000000f3e80000, 0x0000000100000000)
  eden space 109568K, 100% used [0x00000000eb580000,0x00000000f2080000,0x00000000f2080000)
  from space 7680K, 99% used [0x00000000f3700000,0x00000000f3e7b680,0x00000000f3e80000)
  to   space 9728K, 0% used [0x00000000f2b80000,0x00000000f2b80000,0x00000000f3500000)
 ParOldGen       total 31744K, used 10557K [0x00000000c2000000, 0x00000000c3f00000, 0x00000000eb580000)
  object space 31744K, 33% used [0x00000000c2000000,0x00000000c2a4f758,0x00000000c3f00000)
 Metaspace       used 31908K, capacity 32988K, committed 33280K, reserved 1079296K
  class space    used 4080K, capacity 4282K, committed 4352K, reserved 1048576K
Event: 8.463 GC heap after
Heap after GC invocations=10 (full 1):
 PSYoungGen      total 119296K, used 9712K [0x00000000eb580000, 0x00000000f3e80000, 0x0000000100000000)
  eden space 109568K, 0% used [0x00000000eb580000,0x00000000eb580000,0x00000000f2080000)
  from space 9728K, 99% used [0x00000000f2b80000,0x00000000f34fc150,0x00000000f3500000)
  to   space 7680K, 0% used [0x00000000f3700000,0x00000000f3700000,0x00000000f3e80000)
 ParOldGen       total 31744K, used 17145K [0x00000000c2000000, 0x00000000c3f00000, 0x00000000eb580000)
  object space 31744K, 54% used [0x00000000c2000000,0x00000000c30be470,0x00000000c3f00000)
 Metaspace       used 31908K, capacity 32988K, committed 33280K, reserved 1079296K
  class space    used 4080K, capacity 4282K, committed 4352K, reserved 1048576K
}

