# JRE version: Java(TM) SE Runtime Environment (8.0_191-b12) (build 1.8.0_191-b12)
# Java VM: Java HotSpot(TM) 64-Bit Server VM (25.191-b12 mixed mode windows-amd64 compressed oops)
Heap:
 PSYoungGen      total 152576K, used 77675K [0x00000000eb580000, 0x00000000f5f80000, 0x0000000100000000)
  eden space 136192K, 57% used [0x00000000eb580000,0x00000000f015aea8,0x00000000f3a80000)
  from space 16384K, 0% used [0x00000000f4980000,0x00000000f4980000,0x00000000f5980000)
  to   space 15360K, 0% used [0x00000000f3a80000,0x00000000f3a80000,0x00000000f4980000)
 ParOldGen       total 58368K, used 20988K [0x00000000c2000000, 0x00000000c5900000, 0x00000000eb580000)
  object space 58368K, 35% used [0x00000000c2000000,0x00000000c347f280,0x00000000c5900000)
 Metaspace       used 37205K, capacity 38540K, committed 38616K, reserved 1083392K
  class space    used 4817K, capacity 5064K, committed 5080K, reserved 1048576K
GC Heap History (10 events):
Event: 6.647 GC heap before
{Heap before GC invocations=8 (full 1):
 PSYoungGen      total 69120K, used 62464K [0x00000000eb580000, 0x00000000f0280000, 0x0000000100000000)
  eden space 62464K, 100% used [0x00000000eb580000,0x00000000ef280000,0x00000000ef280000)
  from space 6656K, 0% used [0x00000000efa00000,0x00000000efa00000,0x00000000f0080000)
  to   space 7680K, 0% used [0x00000000ef280000,0x00000000ef280000,0x00000000efa00000)
 ParOldGen       total 33792K, used 7582K [0x00000000c2000000, 0x00000000c4100000, 0x00000000eb580000)
  object space 33792K, 22% used [0x00000000c2000000,0x00000000c2767948,0x00000000c4100000)
 Metaspace       used 24291K, capacity 24958K, committed 25088K, reserved 1071104K
  class space    used 3125K, capacity 3313K, committed 3328K, reserved 1048576K
Event: 6.691 GC heap after
Heap after GC invocations=8 (full 1):
 PSYoungGen      total 70144K, used 7667K [0x00000000eb580000, 0x00000000f2c80000, 0x0000000100000000)
  eden space 62464K, 0% used [0x00000000eb580000,0x00000000eb580000,0x00000000ef280000)
  from space 7680K, 99% used [0x00000000ef280000,0x00000000ef9fcce0,0x00000000efa00000)
  to   space 9728K, 0% used [0x00000000f2300000,0x00000000f2300000,0x00000000f2c80000)
 ParOldGen       total 33792K, used 9810K [0x00000000c2000000, 0x00000000c4100000, 0x00000000eb580000)
  object space 33792K, 29% used [0x00000000c2000000,0x00000000c2994a88,0x00000000c4100000)
 Metaspace       used 24291K, capacity 24958K, committed 25088K, reserved 1071104K
  class space    used 3125K, capacity 3313K, committed 3328K, reserved 1048576K
}
Event: 8.790 GC heap before
{Heap before GC invocations=9 (full 1):
 PSYoungGen      total 70144K, used 70131K [0x00000000eb580000, 0x00000000f2c80000, 0x0000000100000000)
  eden space 62464K, 100% used [0x00000000eb580000,0x00000000ef280000,0x00000000ef280000)
  from space 7680K, 99% used [0x00000000ef280000,0x00000000ef9fcce0,0x00000000efa00000)
  to   space 9728K, 0% used [0x00000000f2300000,0x00000000f2300000,0x00000000f2c80000)
 ParOldGen       total 33792K, used 9810K [0x00000000c2000000, 0x00000000c4100000, 0x00000000eb580000)
  object space 33792K, 29% used [0x00000000c2000000,0x00000000c2994a88,0x00000000c4100000)
 Metaspace       used 28654K, capacity 29728K, committed 29824K, reserved 1075200K
  class space    used 3703K, capacity 3924K, committed 3968K, reserved 1048576K
Event: 8.806 GC heap after
Heap after GC invocations=9 (full 1):
 PSYoungGen      total 109568K, used 9705K [0x00000000eb580000, 0x00000000f2f80000, 0x0000000100000000)
  eden space 99840K, 0% used [0x00000000eb580000,0x00000000eb580000,0x00000000f1700000)
  from space 9728K, 99% used [0x00000000f2300000,0x00000000f2c7a400,0x00000000f2c80000)
  to   space 12288K, 0% used [0x00000000f1700000,0x00000000f1700000,0x00000000f2300000)
 ParOldGen       total 33792K, used 12215K [0x00000000c2000000, 0x00000000c4100000, 0x00000000eb580000)
  object space 33792K, 36% used [0x00000000c2000000,0x00000000c2beddb8,0x00000000c4100000)
 Metaspace       used 28654K, capacity 29728K, committed 29824K, reserved 1075200K
  class space    used 3703K, capacity 3924K, committed 3968K, reserved 1048576K
}
Event: 11.285 GC heap before
{Heap before GC invocations=10 (full 1):
 PSYoungGen      total 109568K, used 109545K [0x00000000eb580000, 0x00000000f2f80000, 0x0000000100000000)
  eden space 99840K, 100% used [0x00000000eb580000,0x00000000f1700000,0x00000000f1700000)
  from space 9728K, 99% used [0x00000000f2300000,0x00000000f2c7a400,0x00000000f2c80000)
  to   space 12288K, 0% used [0x00000000f1700000,0x00000000f1700000,0x00000000f2300000)
 ParOldGen       total 33792K, used 12215K [0x00000000c2000000, 0x00000000c4100000, 0x00000000eb580000)
  object space 33792K, 36% used [0x00000000c2000000,0x00000000c2beddb8,0x00000000c4100000)
 Metaspace       used 33463K, capacity 34634K, committed 34816K, reserved 1079296K
  class space    used 4288K, capacity 4531K, committed 4608K, reserved 1048576K
Event: 11.313 GC heap after
Heap after GC invocations=10 (full 1):
 PSYoungGen      total 112128K, used 12284K [0x00000000eb580000, 0x00000000f5980000, 0x0000000100000000)
  eden space 99840K, 0% used [0x00000000eb580000,0x00000000eb580000,0x00000000f1700000)
  from space 12288K, 99% used [0x00000000f1700000,0x00000000f22ff110,0x00000000f2300000)
  to   space 16384K, 0% used [0x00000000f4980000,0x00000000f4980000,0x00000000f5980000)
 ParOldGen       total 33792K, used 17855K [0x00000000c2000000, 0x00000000c4100000, 0x00000000eb580000)
  object space 33792K, 52% used [0x00000000c2000000,0x00000000c316ff50,0x00000000c4100000)
 Metaspace       used 33463K, capacity 34634K, committed 34816K, reserved 1079296K
  class space    used 4288K, capacity 4531K, committed 4608K, reserved 1048576K
}
Event: 11.963 GC heap before
{Heap before GC invocations=11 (full 1):
 PSYoungGen      total 112128K, used 46105K [0x00000000eb580000, 0x00000000f5980000, 0x0000000100000000)
  eden space 99840K, 33% used [0x00000000eb580000,0x00000000ed687518,0x00000000f1700000)
  from space 12288K, 99% used [0x00000000f1700000,0x00000000f22ff110,0x00000000f2300000)
  to   space 16384K, 0% used [0x00000000f4980000,0x00000000f4980000,0x00000000f5980000)
 ParOldGen       total 33792K, used 17855K [0x00000000c2000000, 0x00000000c4100000, 0x00000000eb580000)
  object space 33792K, 52% used [0x00000000c2000000,0x00000000c316ff50,0x00000000c4100000)
 Metaspace       used 34145K, capacity 35336K, committed 35416K, reserved 1079296K
  class space    used 4380K, capacity 4632K, committed 4696K, reserved 1048576K
Event: 12.003 GC heap after
Heap after GC invocations=11 (full 1):
 PSYoungGen      total 152576K, used 7330K [0x00000000eb580000, 0x00000000f5f80000, 0x0000000100000000)
  eden space 136192K, 0% used [0x00000000eb580000,0x00000000eb580000,0x00000000f3a80000)
  from space 16384K, 44% used [0x00000000f4980000,0x00000000f50a89f8,0x00000000f5980000)
  to   space 15360K, 0% used [0x00000000f3a80000,0x00000000f3a80000,0x00000000f4980000)
 ParOldGen       total 33792K, used 25142K [0x00000000c2000000, 0x00000000c4100000, 0x00000000eb580000)
  object space 33792K, 74% used [0x00000000c2000000,0x00000000c388d930,0x00000000c4100000)
 Metaspace       used 34145K, capacity 35336K, committed 35416K, reserved 1079296K
  class space    used 4380K, capacity 4632K, committed 4696K, reserved 1048576K
}
Event: 12.003 GC heap before
{Heap before GC invocations=12 (full 2):
 PSYoungGen      total 152576K, used 7330K [0x00000000eb580000, 0x00000000f5f80000, 0x0000000100000000)
  eden space 136192K, 0% used [0x00000000eb580000,0x00000000eb580000,0x00000000f3a80000)
  from space 16384K, 44% used [0x00000000f4980000,0x00000000f50a89f8,0x00000000f5980000)
  to   space 15360K, 0% used [0x00000000f3a80000,0x00000000f3a80000,0x00000000f4980000)
 ParOldGen       total 33792K, used 25142K [0x00000000c2000000, 0x00000000c4100000, 0x00000000eb580000)
  object space 33792K, 74% used [0x00000000c2000000,0x00000000c388d930,0x00000000c4100000)
 Metaspace       used 34145K, capacity 35336K, committed 35416K, reserved 1079296K
  class space    used 4380K, capacity 4632K, committed 4696K, reserved 1048576K
Event: 12.129 GC heap after
Heap after GC invocations=12 (full 2):
 PSYoungGen      total 152576K, used 0K [0x00000000eb580000, 0x00000000f5f80000, 0x0000000100000000)
  eden space 136192K, 0% used [0x00000000eb580000,0x00000000eb580000,0x00000000f3a80000)
  from space 16384K, 0% used [0x00000000f4980000,0x00000000f4980000,0x00000000f5980000)
  to   space 15360K, 0% used [0x00000000f3a80000,0x00000000f3a80000,0x00000000f4980000)
 ParOldGen       total 58368K, used 20988K [0x00000000c2000000, 0x00000000c5900000, 0x00000000eb580000)
  object space 58368K, 35% used [0x00000000c2000000,0x00000000c347f280,0x00000000c5900000)
 Metaspace       used 34145K, capacity 35336K, committed 35416K, reserved 1079296K
  class space    used 4380K, capacity 4632K, committed 4696K, reserved 1048576K
}

