# JRE version: Java(TM) SE Runtime Environment (8.0_191-b12) (build 1.8.0_191-b12)
# Java VM: Java HotSpot(TM) 64-Bit Server VM (25.191-b12 mixed mode windows-amd64 compressed oops)
Heap:
 PSYoungGen      total 97280K, used 77987K [0x00000000eb580000, 0x00000000f1e00000, 0x0000000100000000)
  eden space 88064K, 88% used [0x00000000eb580000,0x00000000f01a8f50,0x00000000f0b80000)
  from space 9216K, 0% used [0x00000000f1480000,0x00000000f1480000,0x00000000f1d80000)
  to   space 9216K, 0% used [0x00000000f0b80000,0x00000000f0b80000,0x00000000f1480000)
 ParOldGen       total 58880K, used 21106K [0x00000000c2000000, 0x00000000c5980000, 0x00000000eb580000)
  object space 58880K, 35% used [0x00000000c2000000,0x00000000c349cac0,0x00000000c5980000)
 Metaspace       used 37207K, capacity 38540K, committed 38616K, reserved 1083392K
  class space    used 4817K, capacity 5064K, committed 5080K, reserved 1048576K
GC Heap History (10 events):
Event: 6.300 GC heap before
{Heap before GC invocations=10 (full 1):
 PSYoungGen      total 56320K, used 56300K [0x00000000eb580000, 0x00000000efe80000, 0x0000000100000000)
  eden space 50176K, 100% used [0x00000000eb580000,0x00000000ee680000,0x00000000ee680000)
  from space 6144K, 99% used [0x00000000ef880000,0x00000000efe7b030,0x00000000efe80000)
  to   space 7168K, 0% used [0x00000000ef080000,0x00000000ef080000,0x00000000ef780000)
 ParOldGen       total 32256K, used 8678K [0x00000000c2000000, 0x00000000c3f80000, 0x00000000eb580000)
  object space 32256K, 26% used [0x00000000c2000000,0x00000000c2879be0,0x00000000c3f80000)
 Metaspace       used 26257K, capacity 26950K, committed 27136K, reserved 1073152K
  class space    used 3396K, capacity 3583K, committed 3584K, reserved 1048576K
Event: 6.316 GC heap after
Heap after GC invocations=10 (full 1):
 PSYoungGen      total 67584K, used 7148K [0x00000000eb580000, 0x00000000f0980000, 0x0000000100000000)
  eden space 60416K, 0% used [0x00000000eb580000,0x00000000eb580000,0x00000000ef080000)
  from space 7168K, 99% used [0x00000000ef080000,0x00000000ef77b050,0x00000000ef780000)
  to   space 9216K, 0% used [0x00000000f0080000,0x00000000f0080000,0x00000000f0980000)
 ParOldGen       total 32256K, used 12014K [0x00000000c2000000, 0x00000000c3f80000, 0x00000000eb580000)
  object space 32256K, 37% used [0x00000000c2000000,0x00000000c2bbb9d0,0x00000000c3f80000)
 Metaspace       used 26257K, capacity 26950K, committed 27136K, reserved 1073152K
  class space    used 3396K, capacity 3583K, committed 3584K, reserved 1048576K
}
Event: 7.829 GC heap before
{Heap before GC invocations=11 (full 1):
 PSYoungGen      total 67584K, used 67564K [0x00000000eb580000, 0x00000000f0980000, 0x0000000100000000)
  eden space 60416K, 100% used [0x00000000eb580000,0x00000000ef080000,0x00000000ef080000)
  from space 7168K, 99% used [0x00000000ef080000,0x00000000ef77b050,0x00000000ef780000)
  to   space 9216K, 0% used [0x00000000f0080000,0x00000000f0080000,0x00000000f0980000)
 ParOldGen       total 32256K, used 12014K [0x00000000c2000000, 0x00000000c3f80000, 0x00000000eb580000)
  object space 32256K, 37% used [0x00000000c2000000,0x00000000c2bbb9d0,0x00000000c3f80000)
 Metaspace       used 30365K, capacity 31468K, committed 31872K, reserved 1077248K
  class space    used 3888K, capacity 4118K, committed 4224K, reserved 1048576K
Event: 7.849 GC heap after
Heap after GC invocations=11 (full 1):
 PSYoungGen      total 76288K, used 7170K [0x00000000eb580000, 0x00000000f1700000, 0x0000000100000000)
  eden space 67072K, 0% used [0x00000000eb580000,0x00000000eb580000,0x00000000ef700000)
  from space 9216K, 77% used [0x00000000f0080000,0x00000000f0780a70,0x00000000f0980000)
  to   space 9728K, 0% used [0x00000000ef700000,0x00000000ef700000,0x00000000f0080000)
 ParOldGen       total 32256K, used 17188K [0x00000000c2000000, 0x00000000c3f80000, 0x00000000eb580000)
  object space 32256K, 53% used [0x00000000c2000000,0x00000000c30c90f8,0x00000000c3f80000)
 Metaspace       used 30365K, capacity 31468K, committed 31872K, reserved 1077248K
  class space    used 3888K, capacity 4118K, committed 4224K, reserved 1048576K
}
Event: 9.499 GC heap before
{Heap before GC invocations=12 (full 1):
 PSYoungGen      total 76288K, used 74242K [0x00000000eb580000, 0x00000000f1700000, 0x0000000100000000)
  eden space 67072K, 100% used [0x00000000eb580000,0x00000000ef700000,0x00000000ef700000)
  from space 9216K, 77% used [0x00000000f0080000,0x00000000f0780a70,0x00000000f0980000)
  to   space 9728K, 0% used [0x00000000ef700000,0x00000000ef700000,0x00000000f0080000)
 ParOldGen       total 32256K, used 17188K [0x00000000c2000000, 0x00000000c3f80000, 0x00000000eb580000)
  object space 32256K, 53% used [0x00000000c2000000,0x00000000c30c90f8,0x00000000c3f80000)
 Metaspace       used 33052K, capacity 34238K, committed 34560K, reserved 1079296K
  class space    used 4232K, capacity 4491K, committed 4608K, reserved 1048576K
Event: 9.527 GC heap after
Heap after GC invocations=12 (full 1):
 PSYoungGen      total 76800K, used 5525K [0x00000000eb580000, 0x00000000f1d80000, 0x0000000100000000)
  eden space 67072K, 0% used [0x00000000eb580000,0x00000000eb580000,0x00000000ef700000)
  from space 9728K, 56% used [0x00000000ef700000,0x00000000efc65548,0x00000000f0080000)
  to   space 9216K, 0% used [0x00000000f1480000,0x00000000f1480000,0x00000000f1d80000)
 ParOldGen       total 32256K, used 21920K [0x00000000c2000000, 0x00000000c3f80000, 0x00000000eb580000)
  object space 32256K, 67% used [0x00000000c2000000,0x00000000c3568178,0x00000000c3f80000)
 Metaspace       used 33052K, capacity 34238K, committed 34560K, reserved 1079296K
  class space    used 4232K, capacity 4491K, committed 4608K, reserved 1048576K
}
Event: 10.422 GC heap before
{Heap before GC invocations=13 (full 1):
 PSYoungGen      total 76800K, used 52817K [0x00000000eb580000, 0x00000000f1d80000, 0x0000000100000000)
  eden space 67072K, 70% used [0x00000000eb580000,0x00000000ee3aeec0,0x00000000ef700000)
  from space 9728K, 56% used [0x00000000ef700000,0x00000000efc65548,0x00000000f0080000)
  to   space 9216K, 0% used [0x00000000f1480000,0x00000000f1480000,0x00000000f1d80000)
 ParOldGen       total 32256K, used 21920K [0x00000000c2000000, 0x00000000c3f80000, 0x00000000eb580000)
  object space 32256K, 67% used [0x00000000c2000000,0x00000000c3568178,0x00000000c3f80000)
 Metaspace       used 34141K, capacity 35336K, committed 35416K, reserved 1079296K
  class space    used 4380K, capacity 4632K, committed 4696K, reserved 1048576K
Event: 10.443 GC heap after
Heap after GC invocations=13 (full 1):
 PSYoungGen      total 97280K, used 3407K [0x00000000eb580000, 0x00000000f1e00000, 0x0000000100000000)
  eden space 88064K, 0% used [0x00000000eb580000,0x00000000eb580000,0x00000000f0b80000)
  from space 9216K, 36% used [0x00000000f1480000,0x00000000f17d3da8,0x00000000f1d80000)
  to   space 9216K, 0% used [0x00000000f0b80000,0x00000000f0b80000,0x00000000f1480000)
 ParOldGen       total 32256K, used 25126K [0x00000000c2000000, 0x00000000c3f80000, 0x00000000eb580000)
  object space 32256K, 77% used [0x00000000c2000000,0x00000000c38898b0,0x00000000c3f80000)
 Metaspace       used 34141K, capacity 35336K, committed 35416K, reserved 1079296K
  class space    used 4380K, capacity 4632K, committed 4696K, reserved 1048576K
}
Event: 10.443 GC heap before
{Heap before GC invocations=14 (full 2):
 PSYoungGen      total 97280K, used 3407K [0x00000000eb580000, 0x00000000f1e00000, 0x0000000100000000)
  eden space 88064K, 0% used [0x00000000eb580000,0x00000000eb580000,0x00000000f0b80000)
  from space 9216K, 36% used [0x00000000f1480000,0x00000000f17d3da8,0x00000000f1d80000)
  to   space 9216K, 0% used [0x00000000f0b80000,0x00000000f0b80000,0x00000000f1480000)
 ParOldGen       total 32256K, used 25126K [0x00000000c2000000, 0x00000000c3f80000, 0x00000000eb580000)
  object space 32256K, 77% used [0x00000000c2000000,0x00000000c38898b0,0x00000000c3f80000)
 Metaspace       used 34141K, capacity 35336K, committed 35416K, reserved 1079296K
  class space    used 4380K, capacity 4632K, committed 4696K, reserved 1048576K
Event: 10.570 GC heap after
Heap after GC invocations=14 (full 2):
 PSYoungGen      total 97280K, used 0K [0x00000000eb580000, 0x00000000f1e00000, 0x0000000100000000)
  eden space 88064K, 0% used [0x00000000eb580000,0x00000000eb580000,0x00000000f0b80000)
  from space 9216K, 0% used [0x00000000f1480000,0x00000000f1480000,0x00000000f1d80000)
  to   space 9216K, 0% used [0x00000000f0b80000,0x00000000f0b80000,0x00000000f1480000)
 ParOldGen       total 58880K, used 21106K [0x00000000c2000000, 0x00000000c5980000, 0x00000000eb580000)
  object space 58880K, 35% used [0x00000000c2000000,0x00000000c349cac0,0x00000000c5980000)
 Metaspace       used 34141K, capacity 35336K, committed 35416K, reserved 1079296K
  class space    used 4380K, capacity 4632K, committed 4696K, reserved 1048576K
}

